hitting cnt 61
trying 1 round...
https://github.com/SublimeLinter/SublimeLinter-xmllint	28
https://github.com/AtomLinter/linter-xmllint	16
https://github.com/fastcat/tt-rss-ff-xmllint	20
https://github.com/wr0ngway/assert	0
https://github.com/johnrom/sublime-xmllint	2
https://github.com/sumeetsarkar/xmllint-xmlstarlet-demo	5
https://github.com/wbolster/emacs-xml-format	5
https://github.com/pastapojken/Myflix	203
https://github.com/sputnick-dev/xmllint	2
https://github.com/Empact/html	0

trying 2 round...
https://github.com/sclable/xml-lint	9
https://github.com/mulesoft-labs/xmllint-jsparser	0
https://github.com/mmr/xmllint	0
https://github.com/sandeepsinghal/xmllint	0
https://github.com/cristy-the-one/xmllint	0
https://github.com/wesleymascarenhas/xmllint	0
https://github.com/VSasyan/xmllint	0
https://github.com/unclebilly/xmllint	0
https://github.com/dgricci/xmllint	0
https://github.com/malfario/xmllint	0

trying 3 round...
https://github.com/turiya/xmllint	0
https://github.com/nedich/xmllint	0
https://github.com/krichter722/xmllint	0
https://github.com/digipost/docker-xmllint	0
https://github.com/aautio/validate-with-xmllint	0
https://github.com/mikoskinen/XMLLint	0
https://github.com/manorrock/xmllint	0
https://github.com/ben5962/bash	0
https://github.com/L2G/guard-xmllint	0
https://github.com/ChristophWurst/xmllint-action	0

trying 4 round...
https://github.com/TaylorMonacelli/xmllint-practice	0
https://github.com/andxor/xmllint-extra	0
https://github.com/rajashekhargundeti/xmllint-test	0
https://github.com/alappe/grunt-xmllint	0
https://github.com/Bres1990/pwr-xmllint	0
https://github.com/leoek/docker-xmllint	0
https://github.com/danechitoaie/gulp-xmllint	0
https://github.com/tomibudis/Validation-xmllint	0
https://github.com/alkra/container-xmllint	0
https://github.com/authenio/samlify-validate-with-xmllint	0

trying 5 round...
https://github.com/hubgit/libxml-xmllint	0
https://github.com/CudaText-addons/cuda	0
https://github.com/apazureck/vscode-xml-linter	0
https://github.com/digioi/kubeless-ruby	0
https://github.com/AdrieVanDijk/docker-alpine-bash-curl-xmllint	0
https://github.com/CTimmerman/meteor-xmllint-bug	0
https://github.com/authenio/samlify-node-xmllint	0
https://github.com/randomhajile/xml-fmt	0
https://github.com/thomasleplus/docker-xml	0
https://github.com/LiberalArtist/xmllint-win32-x86	0

trying 6 round...
https://github.com/roypa/sublimetext	0
https://github.com/johnbradley/vim-fix-xml	0
https://github.com/craighurley/sublime-xml-lint	0
https://github.com/icaoberg/docker-documentation	0
https://github.com/tomschr/xpointer-example	0
https://github.com/gusenov/github-trending	0
https://github.com/nhemsley/odfdiff	0
https://github.com/pmeulen/saml-metadata-tools	0
https://github.com/gusenov/syncfusion-ebooks	0
https://github.com/Virihuana/ProyectoXML1	0

trying 7 round...
