hitting cnt 2
trying 1 round...
https://github.com/teamcapybara/xpath	119
https://github.com/zhegexiaohuozi/JsoupXpath	274
https://github.com/code4craft/xsoup	369
https://github.com/antchfx/xpath	274
https://github.com/r0oth3x49/Xpath	72
https://github.com/ilinsky/jquery-xpath	166
https://github.com/yaronn/xpath	0
https://github.com/google/wicked-good-xpath	221
https://github.com/zeux/pugixml	2046
https://github.com/santiycr/cssify	99

trying 2 round...
https://github.com/andrejpavlovic/xpathjs	44
https://github.com/orf/xcat	212
https://github.com/symfony/css-selector	6197
https://github.com/kyleburton/clj-xpath	114
https://github.com/sparklemotion/nokogiri	5372
https://github.com/graetzer/GDataXML-HTML	277
https://github.com/zzzprojects/html-agility-pack	1427
https://github.com/Simek/XPather	31
https://github.com/fivefilters/ftr-site-config	181
https://github.com/shepmaster/sxd-xpath	73

